Client: timer started
Client: timer stopped
Client: received packet
pkt length = 512
pkt seqNo = 0
Client: ack 0 sent

Client: received packet
pkt length = 512
pkt seqNo = 1
Client: ack 1 sent

Client: received packet
pkt length = 512
pkt seqNo = 2
Client: ack 2 sent

Client: received packet
pkt length = 512
pkt seqNo = 4
Client: ack 2 sent

Client: received packet
pkt length = 512
pkt seqNo = 5
Client: ack 2 sent

Client: received packet
pkt length = 512
pkt seqNo = 6
Client: ack 2 sent

Client: received packet
pkt length = 512
pkt seqNo = 7
Client: ack 2 sent

Client: received packet
pkt length = 512
pkt seqNo = 8
Client: ack 2 sent

Client: received packet
pkt length = 512
pkt seqNo = 10
Client: ack 2 sent

Client: received packet
pkt length = 512
pkt seqNo = 12
Client: ack 2 sent

Client: received packet
pkt length = 512
pkt seqNo = 13
Client: ack 2 sent

Client: received packet
pkt length = 512
pkt seqNo = 14
Client: ack 2 sent

Client: received packet
pkt length = 512
pkt seqNo = 16
Client: ack 2 sent

Client: received packet
pkt length = 512
pkt seqNo = 18
Client: ack 2 sent

Client: received packet
pkt length = 512
pkt seqNo = 19
Client: ack 2 sent

Client: received packet
pkt length = 512
pkt seqNo = 21
Client: ack 2 sent

Client: received packet
pkt length = 512
pkt seqNo = 22
Client: ack 2 sent

Client: received packet
pkt length = 512
pkt seqNo = 24
Client: ack 2 sent

Client: received packet
pkt length = 512
pkt seqNo = 25
Client: ack 2 sent

Client: received packet
pkt length = 512
pkt seqNo = 26
Client: ack 2 sent

Client: received packet
pkt length = 512
pkt seqNo = 28
Client: ack 2 sent

Client: received packet
pkt length = 512
pkt seqNo = 29
Client: ack 2 sent

Client: received packet
pkt length = 512
pkt seqNo = 33
Client: ack 2 sent

Client: received packet
pkt length = 512
pkt seqNo = 34
Client: ack 2 sent

Client: received packet
pkt length = 512
pkt seqNo = 35
Client: ack 2 sent

Client: received packet
pkt length = 512
pkt seqNo = 36
Client: ack 2 sent

Client: received packet
pkt length = 512
pkt seqNo = 37
Client: ack 2 sent

Client: received packet
pkt length = 512
pkt seqNo = 39
Client: ack 2 sent

Client: received packet
pkt length = 512
pkt seqNo = 41
Client: ack 2 sent

Client: received packet
pkt length = 512
pkt seqNo = 44
Client: ack 2 sent

Client: received packet
pkt length = 512
pkt seqNo = 45
Client: ack 2 sent

Client: received packet
pkt length = 512
pkt seqNo = 46
Client: ack 2 sent

Client: received packet
pkt length = 512
pkt seqNo = 49
Client: ack 2 sent

Client: received packet
pkt length = 512
pkt seqNo = 3
Client: ack 3 sent

Client: received packet
pkt length = 512
pkt seqNo = 4
Client: ack 4 sent

Client: received packet
pkt length = 512
pkt seqNo = 5
Client: ack 5 sent

Client: received packet
pkt length = 512
pkt seqNo = 6
Client: ack 6 sent

Client: received packet
pkt length = 512
pkt seqNo = 7
Client: ack 7 sent

Client: received packet
pkt length = 512
pkt seqNo = 8
Client: ack 8 sent

Client: received packet
pkt length = 512
pkt seqNo = 9
Client: ack 9 sent

Client: received packet
pkt length = 512
pkt seqNo = 10
Client: ack 10 sent

Client: received packet
pkt length = 512
pkt seqNo = 11
Client: ack 11 sent

Client: received packet
pkt length = 512
pkt seqNo = 12
Client: ack 12 sent

Client: received packet
pkt length = 512
pkt seqNo = 13
Client: ack 13 sent

Client: received packet
pkt length = 512
pkt seqNo = 14
Client: ack 14 sent

Client: received packet
pkt length = 512
pkt seqNo = 15
Client: ack 15 sent

Client: received packet
pkt length = 512
pkt seqNo = 16
Client: ack 16 sent

Client: received packet
pkt length = 512
pkt seqNo = 17
Client: ack 17 sent

Client: received packet
pkt length = 512
pkt seqNo = 18
Client: ack 18 sent

Client: received packet
pkt length = 512
pkt seqNo = 19
Client: ack 19 sent

Client: received packet
pkt length = 512
pkt seqNo = 20
Client: ack 20 sent

Client: received packet
pkt length = 512
pkt seqNo = 21
Client: ack 21 sent

Client: received packet
pkt length = 512
pkt seqNo = 22
Client: ack 22 sent

Client: received packet
pkt length = 512
pkt seqNo = 23
Client: ack 23 sent

Client: received packet
pkt length = 512
pkt seqNo = 24
Client: ack 24 sent

Client: received packet
pkt length = 512
pkt seqNo = 25
Client: ack 25 sent

Client: received packet
pkt length = 512
pkt seqNo = 26
Client: ack 26 sent

Client: received packet
pkt length = 512
pkt seqNo = 27
Client: ack 27 sent

Client: received packet
pkt length = 512
pkt seqNo = 28
Client: ack 28 sent

Client: received packet
pkt length = 512
pkt seqNo = 29
Client: ack 29 sent

Client: received packet
pkt length = 512
pkt seqNo = 30
Client: ack 30 sent

Client: received packet
pkt length = 512
pkt seqNo = 31
Client: ack 31 sent

Client: received packet
pkt length = 512
pkt seqNo = 32
Client: ack 32 sent

Client: received packet
pkt length = 512
pkt seqNo = 33
Client: ack 33 sent

Client: received packet
pkt length = 512
pkt seqNo = 34
Client: ack 34 sent

Client: received packet
pkt length = 512
pkt seqNo = 35
Client: ack 35 sent

Client: received packet
pkt length = 512
pkt seqNo = 36
Client: ack 36 sent

Client: received packet
pkt length = 512
pkt seqNo = 37
Client: ack 37 sent

Client: received packet
pkt length = 512
pkt seqNo = 38
Client: ack 38 sent

Client: received packet
pkt length = 512
pkt seqNo = 39
Client: ack 39 sent

Client: received packet
pkt length = 512
pkt seqNo = 40
Client: ack 40 sent

Client: received packet
pkt length = 512
pkt seqNo = 41
Client: ack 41 sent

Client: received packet
pkt length = 512
pkt seqNo = 42
Client: ack 42 sent

Client: received packet
pkt length = 512
pkt seqNo = 43
Client: ack 43 sent

Client: received packet
pkt length = 512
pkt seqNo = 44
Client: ack 44 sent

Client: received packet
pkt length = 512
pkt seqNo = 45
Client: ack 45 sent

Client: received packet
pkt length = 512
pkt seqNo = 46
Client: ack 46 sent

Client: received packet
pkt length = 512
pkt seqNo = 47
Client: ack 47 sent

Client: received packet
pkt length = 512
pkt seqNo = 48
Client: ack 48 sent

Client: received packet
pkt length = 512
pkt seqNo = 49
Client: ack 49 sent

Client: received packet
pkt length = 512
pkt seqNo = 52
Client: ack 49 sent

Client: received packet
pkt length = 512
pkt seqNo = 53
Client: ack 49 sent

Client: received packet
pkt length = 512
pkt seqNo = 54
Client: ack 49 sent

Client: received packet
pkt length = 512
pkt seqNo = 55
Client: ack 49 sent

Client: received packet
pkt length = 512
pkt seqNo = 56
Client: ack 49 sent

Client: received packet
pkt length = 512
pkt seqNo = 57
Client: ack 49 sent

Client: received packet
pkt length = 512
pkt seqNo = 58
Client: ack 49 sent

Client: received packet
pkt length = 512
pkt seqNo = 59
Client: ack 49 sent

Client: received packet
pkt length = 512
pkt seqNo = 62
Client: ack 49 sent

Client: received packet
pkt length = 512
pkt seqNo = 64
Client: ack 49 sent

Client: received packet
pkt length = 498
pkt seqNo = 66
Client: ack 49 sent

Client: received packet
pkt length = 512
pkt seqNo = 50
Client: ack 50 sent

Client: received packet
pkt length = 512
pkt seqNo = 51
Client: ack 51 sent

Client: received packet
pkt length = 512
pkt seqNo = 52
Client: ack 52 sent

Client: received packet
pkt length = 512
pkt seqNo = 53
Client: ack 53 sent

Client: received packet
pkt length = 512
pkt seqNo = 54
Client: ack 54 sent

Client: received packet
pkt length = 512
pkt seqNo = 55
Client: ack 55 sent

Client: received packet
pkt length = 512
pkt seqNo = 56
Client: ack 56 sent

Client: received packet
pkt length = 512
pkt seqNo = 57
Client: ack 57 sent

Client: received packet
pkt length = 512
pkt seqNo = 58
Client: ack 58 sent

Client: received packet
pkt length = 512
pkt seqNo = 59
Client: ack 59 sent

Client: received packet
pkt length = 512
pkt seqNo = 60
Client: ack 60 sent

Client: received packet
pkt length = 512
pkt seqNo = 61
Client: ack 61 sent

Client: received packet
pkt length = 512
pkt seqNo = 62
Client: ack 62 sent

Client: received packet
pkt length = 512
pkt seqNo = 63
Client: ack 63 sent

Client: received packet
pkt length = 512
pkt seqNo = 64
Client: ack 64 sent

Client: received packet
pkt length = 512
pkt seqNo = 65
Client: ack 65 sent

Client: received packet
pkt length = 498
pkt seqNo = 66
Client: ack 66 sent

Client: received packet
Client: Ending pkt received
